F:\Epitech\Chine\Projects\Zelda_Like\\bin\Debug\Zelda_Like.exe
F:\Epitech\Chine\Projects\Zelda_Like\\bin\Debug\Zelda_Like.ilk
F:\Epitech\Chine\Projects\Zelda_Like\\bin\Debug\Zelda_Like.pdb
F:\EPITECH\CHINE\PROJECTS\ZELDA_LIKE\BIN\DEBUG\ZELDA_LIKE.EXE
F:\EPITECH\CHINE\PROJECTS\ZELDA_LIKE\BIN\DEBUG\ZELDA_LIKE.ILK
F:\EPITECH\CHINE\PROJECTS\ZELDA_LIKE\BIN\DEBUG\ZELDA_LIKE.PDB
F:\Epitech\Chine\Projects\Zelda_Like\Zelda_Like\x64\Debug\cl.command.1.tlog
F:\Epitech\Chine\Projects\Zelda_Like\Zelda_Like\x64\Debug\CL.read.1.tlog
F:\Epitech\Chine\Projects\Zelda_Like\Zelda_Like\x64\Debug\CL.write.1.tlog
F:\EPITECH\CHINE\PROJECTS\ZELDA_LIKE\ZELDA_LIKE\X64\DEBUG\GAME.OBJ
F:\EPITECH\CHINE\PROJECTS\ZELDA_LIKE\ZELDA_LIKE\X64\DEBUG\INTRO.OBJ
F:\Epitech\Chine\Projects\Zelda_Like\Zelda_Like\x64\Debug\link.command.1.tlog
F:\Epitech\Chine\Projects\Zelda_Like\Zelda_Like\x64\Debug\link.read.1.tlog
F:\Epitech\Chine\Projects\Zelda_Like\Zelda_Like\x64\Debug\link.read.2.tlog
F:\Epitech\Chine\Projects\Zelda_Like\Zelda_Like\x64\Debug\link.write.1.tlog
F:\EPITECH\CHINE\PROJECTS\ZELDA_LIKE\ZELDA_LIKE\X64\DEBUG\MAIN.OBJ
F:\Epitech\Chine\Projects\Zelda_Like\Zelda_Like\x64\Debug\mt.command.1.tlog
F:\Epitech\Chine\Projects\Zelda_Like\Zelda_Like\x64\Debug\mt.read.1.tlog
F:\Epitech\Chine\Projects\Zelda_Like\Zelda_Like\x64\Debug\mt.write.1.tlog
F:\EPITECH\CHINE\PROJECTS\ZELDA_LIKE\ZELDA_LIKE\X64\DEBUG\PERSONNAGE.OBJ
F:\EPITECH\CHINE\PROJECTS\ZELDA_LIKE\ZELDA_LIKE\X64\DEBUG\RENDERER.OBJ
F:\Epitech\Chine\Projects\Zelda_Like\Zelda_Like\x64\Debug\vc100.idb
F:\EPITECH\CHINE\PROJECTS\ZELDA_LIKE\ZELDA_LIKE\X64\DEBUG\VC100.PDB
F:\EPITECH\CHINE\PROJECTS\ZELDA_LIKE\ZELDA_LIKE\X64\DEBUG\ZELDA_LIKE.EXE.INTERMEDIATE.MANIFEST
